/usr/bin/lli

###### Testing test-assgin-local
./AHOD.native tests/test-assgin-local.ah > test-assgin-local.ll
Fatal error: exception Parsing.Parse_error
###### FAILED

###### Testing test-assign
./AHOD.native tests/test-assign.ah > test-assign.ll
llc -relocation-model=pic test-assign.ll > test-assign.s
cc -o test-assign.exe test-assign.s
./test-assign.exe
diff -b test-assign.out tests/test-assign.out > test-assign.diff
###### SUCCESS

###### Testing test-binop
./AHOD.native tests/test-binop.ah > test-binop.ll
llc -relocation-model=pic test-binop.ll > test-binop.s
cc -o test-binop.exe test-binop.s
./test-binop.exe
diff -b test-binop.out tests/test-binop.out > test-binop.diff
###### SUCCESS

###### Testing test-class1
./AHOD.native tests/test-class1.ah > test-class1.ll
Stored value type does not match pointer operand type!
  store { i8*, i32 }* %playercall, { i8*, i32 }* @player
 { i8*, i32 }LLVM ERROR: Broken module found, compilation aborted!
###### FAILED

###### Testing test-for1
./AHOD.native tests/test-for1.ah > test-for1.ll
llc -relocation-model=pic test-for1.ll > test-for1.s
cc -o test-for1.exe test-for1.s
./test-for1.exe
diff -b test-for1.out tests/test-for1.out > test-for1.diff
###### SUCCESS

###### Testing test-for2
./AHOD.native tests/test-for2.ah > test-for2.ll
llc -relocation-model=pic test-for2.ll > test-for2.s
cc -o test-for2.exe test-for2.s
./test-for2.exe
diff -b test-for2.out tests/test-for2.out > test-for2.diff
###### SUCCESS

###### Testing test-helloworld
./AHOD.native tests/test-helloworld.ah > test-helloworld.ll
llc -relocation-model=pic test-helloworld.ll > test-helloworld.s
cc -o test-helloworld.exe test-helloworld.s
./test-helloworld.exe
diff -b test-helloworld.out tests/test-helloworld.out > test-helloworld.diff
###### SUCCESS

###### Testing test-if-else
./AHOD.native tests/test-if-else.ah > test-if-else.ll
llc -relocation-model=pic test-if-else.ll > test-if-else.s
cc -o test-if-else.exe test-if-else.s
./test-if-else.exe
diff -b test-if-else.out tests/test-if-else.out > test-if-else.diff
###### SUCCESS

###### Testing test-if
./AHOD.native tests/test-if.ah > test-if.ll
llc -relocation-model=pic test-if.ll > test-if.s
cc -o test-if.exe test-if.s
./test-if.exe
diff -b test-if.out tests/test-if.out > test-if.diff
###### SUCCESS

###### Testing test-printint
./AHOD.native tests/test-printint.ah > test-printint.ll
llc -relocation-model=pic test-printint.ll > test-printint.s
cc -o test-printint.exe test-printint.s
./test-printint.exe
diff -b test-printint.out tests/test-printint.out > test-printint.diff
###### SUCCESS

###### Testing test-series
./AHOD.native tests/test-series.ah > test-series.ll
llc -relocation-model=pic test-series.ll > test-series.s
cc -o test-series.exe test-series.s
./test-series.exe
diff -b test-series.out tests/test-series.out > test-series.diff
###### SUCCESS

###### Testing test-while-gcd
./AHOD.native tests/test-while-gcd.ah > test-while-gcd.ll
llc -relocation-model=pic test-while-gcd.ll > test-while-gcd.s
cc -o test-while-gcd.exe test-while-gcd.s
./test-while-gcd.exe
diff -b test-while-gcd.out tests/test-while-gcd.out > test-while-gcd.diff
###### SUCCESS

###### Testing test-while1
./AHOD.native tests/test-while1.ah > test-while1.ll
llc -relocation-model=pic test-while1.ll > test-while1.s
cc -o test-while1.exe test-while1.s
./test-while1.exe
diff -b test-while1.out tests/test-while1.out > test-while1.diff
###### SUCCESS

###### Testing test-while2
./AHOD.native tests/test-while2.ah > test-while2.ll
llc -relocation-model=pic test-while2.ll > test-while2.s
cc -o test-while2.exe test-while2.s
./test-while2.exe
diff -b test-while2.out tests/test-while2.out > test-while2.diff
###### SUCCESS

###### Testing fail-*
./AHOD.native < tests/fail-*.ah 2> fail-*.err >> testall.log
./testall.sh: 1: eval: cannot open tests/fail-*.ah: No such file
diff -b fail-*.err tests/fail-*.err > fail-*.diff
FAILED fail-*.err differs from tests/fail-*.err
###### FAILED
